[19:48:39,448][INFO][main][IgniteKernal] 

>>>    __________  ________________  
>>>   /  _/ ___/ |/ /  _/_  __/ __/  
>>>  _/ // (7 7    // /  / / / _/    
>>> /___/\___/_/|_/___/ /_/ /___/   
>>> 
>>> ver. 2.16.0#20231215-sha1:7bde6a42
>>> 2023 Copyright(C) Apache Software Foundation
>>> 
>>> Ignite documentation: https://ignite.apache.org

[19:48:39,460][INFO][main][IgniteKernal] Config URL: file:/opt/ignite/apache-ignite/config/default-config.xml
[19:48:39,484][INFO][main][IgniteKernal] IgniteConfiguration [igniteInstanceName=null, pubPoolSize=12, svcPoolSize=12, callbackPoolSize=12, stripedPoolSize=12, sysPoolSize=12, mgmtPoolSize=4, dataStreamerPoolSize=12, utilityCachePoolSize=12, utilityCacheKeepAliveTime=60000, p2pPoolSize=2, qryPoolSize=12, buildIdxPoolSize=3, igniteHome=/opt/ignite/apache-ignite, igniteWorkDir=/storage, mbeanSrv=com.sun.jmx.mbeanserver.JmxMBeanServer@32a068d1, nodeId=486dbba0-39b1-48b1-a9c4-ee312127ea14, marsh=BinaryMarshaller [], marshLocJobs=false, p2pEnabled=false, netTimeout=5000, netCompressionLevel=1, sndRetryDelay=1000, sndRetryCnt=3, metricsHistSize=10000, metricsUpdateFreq=2000, metricsExpTime=9223372036854775807, discoSpi=TcpDiscoverySpi [addrRslvr=null, addressFilter=null, sockTimeout=0, ackTimeout=0, marsh=null, reconCnt=10, reconDelay=2000, maxAckTimeout=600000, soLinger=0, forceSrvMode=false, clientReconnectDisabled=false, internalLsnr=null, skipAddrsRandomization=false], segPlc=USE_FAILURE_HANDLER, segResolveAttempts=2, waitForSegOnStart=true, allResolversPassReq=true, segChkFreq=10000, commSpi=TcpCommunicationSpi [connectGate=org.apache.ignite.spi.communication.tcp.internal.ConnectGateway@5dda768f, ctxInitLatch=java.util.concurrent.CountDownLatch@7a8c8dcf[Count = 1], stopping=false, clientPool=null, nioSrvWrapper=null, stateProvider=null], evtSpi=org.apache.ignite.spi.eventstorage.NoopEventStorageSpi@24269709, colSpi=NoopCollisionSpi [], deploySpi=LocalDeploymentSpi [], indexingSpi=org.apache.ignite.spi.indexing.noop.NoopIndexingSpi@1ff4931d, addrRslvr=null, encryptionSpi=org.apache.ignite.spi.encryption.noop.NoopEncryptionSpi@65e98b1c, tracingSpi=org.apache.ignite.spi.tracing.NoopTracingSpi@61322f9d, clientMode=false, rebalanceThreadPoolSize=3, rebalanceTimeout=10000, rebalanceBatchesPrefetchCnt=3, rebalanceThrottle=0, rebalanceBatchSize=524288, txCfg=TransactionConfiguration [txSerEnabled=false, dfltIsolation=REPEATABLE_READ, dfltConcurrency=PESSIMISTIC, dfltTxTimeout=0, txTimeoutOnPartitionMapExchange=0, pessimisticTxLogSize=0, pessimisticTxLogLinger=10000, tmLookupClsName=null, txManagerFactory=null, useJtaSync=false], cacheSanityCheckEnabled=true, discoStartupDelay=60000, deployMode=SHARED, p2pMissedCacheSize=100, locHost=null, timeSrvPortBase=31100, timeSrvPortRange=100, failureDetectionTimeout=10000, sysWorkerBlockedTimeout=null, clientFailureDetectionTimeout=30000, metricsLogFreq=60000, connectorCfg=ConnectorConfiguration [jettyPath=null, host=null, port=11211, noDelay=true, directBuf=false, sndBufSize=32768, rcvBufSize=32768, idleQryCurTimeout=600000, idleQryCurCheckFreq=60000, sndQueueLimit=0, selectorCnt=4, idleTimeout=7000, sslEnabled=false, sslClientAuth=false, sslFactory=null, portRange=100, threadPoolSize=12, msgInterceptor=null], odbcCfg=null, warmupClos=null, atomicCfg=AtomicConfiguration [seqReserveSize=1000, cacheMode=PARTITIONED, backups=1, aff=null, grpName=null], classLdr=null, sslCtxFactory=null, platformCfg=null, binaryCfg=null, memCfg=null, pstCfg=null, dsCfg=DataStorageConfiguration [pageSize=0, concLvl=0, sysDataRegConf=org.apache.ignite.configuration.SystemDataRegionConfiguration@6200f9cb, dfltDataRegConf=DataRegionConfiguration [name=default, maxSize=3324653568, initSize=268435456, swapPath=null, pageEvictionMode=DISABLED, pageReplacementMode=CLOCK, evictionThreshold=0.9, emptyPagesPoolSize=100, metricsEnabled=false, metricsSubIntervalCount=5, metricsRateTimeInterval=60000, persistenceEnabled=false, checkpointPageBufSize=0, lazyMemoryAllocation=true, warmUpCfg=null, memoryAllocator=null, cdcEnabled=false], dataRegions=null, storagePath=null, checkpointFreq=180000, lockWaitTime=10000, checkpointThreads=4, checkpointWriteOrder=SEQUENTIAL, walHistSize=20, maxWalArchiveSize=1073741824, walSegments=10, walSegmentSize=67108864, walPath=db/wal, walArchivePath=db/wal/archive, cdcWalPath=db/wal/cdc, cdcWalDirMaxSize=0, metricsEnabled=false, walMode=LOG_ONLY, walTlbSize=131072, walBuffSize=0, walFlushFreq=2000, walFsyncDelay=1000, walRecordIterBuffSize=67108864, alwaysWriteFullPages=false, fileIOFactory=org.apache.ignite.internal.processors.cache.persistence.file.AsyncFileIOFactory@2de23121, metricsSubIntervalCnt=5, metricsRateTimeInterval=60000, walAutoArchiveAfterInactivity=-1, walForceArchiveTimeout=-1, writeThrottlingEnabled=false, walCompactionEnabled=false, walCompactionLevel=1, checkpointReadLockTimeout=null, walPageCompression=DISABLED, walPageCompressionLevel=null, dfltWarmUpCfg=null, encCfg=org.apache.ignite.configuration.EncryptionConfiguration@4988d8b8, defragmentationThreadPoolSize=4, minWalArchiveSize=-1, memoryAllocator=null], snapshotPath=snapshots, snapshotThreadPoolSize=4, activeOnStart=true, activeOnStartPropSetFlag=false, autoActivation=true, autoActivationPropSetFlag=false, clusterStateOnStart=null, sqlConnCfg=null, cliConnCfg=ClientConnectorConfiguration [host=null, port=10800, portRange=100, sockSndBufSize=0, sockRcvBufSize=0, tcpNoDelay=true, maxOpenCursorsPerConn=128, threadPoolSize=12, selectorCnt=6, idleTimeout=0, handshakeTimeout=10000, jdbcEnabled=true, odbcEnabled=true, thinCliEnabled=true, sslEnabled=false, useIgniteSslCtxFactory=true, sslClientAuth=false, sslCtxFactory=null, thinCliCfg=ThinClientConfiguration [maxActiveTxPerConn=100, maxActiveComputeTasksPerConn=0, sendServerExcStackTraceToClient=false], sesOutboundMsgQueueLimit=0], mvccVacuumThreadCnt=2, mvccVacuumFreq=5000, authEnabled=false, failureHnd=null, commFailureRslvr=null, sqlCfg=SqlConfiguration [longQryWarnTimeout=3000, dfltQryTimeout=0, sqlQryHistSize=1000, validationEnabled=false], asyncContinuationExecutor=null]
[19:48:39,484][INFO][main][IgniteKernal] OS: Linux 5.15.153.1-microsoft-standard-WSL2 amd64
[19:48:39,484][INFO][main][IgniteKernal] OS user: root
[19:48:39,486][INFO][main][IgniteKernal] PID: 1
[19:48:39,487][INFO][main][IgniteKernal] Language runtime: Java Platform API Specification ver. 1.8
[19:48:39,487][INFO][main][IgniteKernal] VM information: OpenJDK Runtime Environment 1.8.0_392-b08 Temurin OpenJDK 64-Bit Server VM 25.392-b08
[19:48:39,487][INFO][main][IgniteKernal] VM total memory: 0.96GB
[19:48:39,487][INFO][main][IgniteKernal] Remote Management [restart: off, REST: on, JMX (remote: off)]
[19:48:39,488][INFO][main][IgniteKernal] Logger: JavaLogger [quiet=true, config=null]
[19:48:39,488][INFO][main][IgniteKernal] IGNITE_HOME=/opt/ignite/apache-ignite
[19:48:39,488][INFO][main][IgniteKernal] VM arguments: [-XX:+AggressiveOpts, -Xms1g, -Xmx1g, -XX:MaxMetaspaceSize=256m, -DIGNITE_HOME=/opt/ignite/apache-ignite]
[19:48:39,488][INFO][main][IgniteKernal] System cache's DataRegion size is configured to 40 MB. Use DataStorageConfiguration.systemRegionInitialSize property to change the setting.
[19:48:39,488][INFO][main][IgniteKernal] Configured caches [in 'sysMemPlc' dataRegion: ['ignite-sys-cache']]
[19:48:39,488][WARNING][main][IgniteKernal] Please set system property '-Djava.net.preferIPv4Stack=true' to avoid possible problems in mixed environments.
[19:48:39,489][INFO][main][IgniteKernal] 3-rd party licenses can be found at: /opt/ignite/apache-ignite/libs/licenses
[19:48:39,566][INFO][main][IgnitePluginProcessor] Configured plugins:
[19:48:39,566][INFO][main][IgnitePluginProcessor]   ^-- None
[19:48:39,566][INFO][main][IgnitePluginProcessor] 
[19:48:39,569][INFO][main][FailureProcessor] Configured failure handler: [hnd=StopNodeOrHaltFailureHandler [tryStop=false, timeout=0, super=AbstractFailureHandler [ignoredFailureTypes=UnmodifiableSet [SYSTEM_WORKER_BLOCKED, SYSTEM_CRITICAL_OPERATION_TIMEOUT]]]]
[19:48:39,897][INFO][main][TcpCommunicationSpi] Successfully bound communication NIO server to TCP port [port=47100, locHost=0.0.0.0/0.0.0.0, selectorsCnt=6, selectorSpins=0, pairedConn=false]
[19:48:39,897][WARNING][main][TcpCommunicationSpi] Message queue limit is set to 0 which may lead to potential OOMEs when running cache operations in FULL_ASYNC or PRIMARY_SYNC modes due to message queues growth on sender and receiver sides.
[19:48:39,927][INFO][main][GridCollisionManager] Collision resolution is disabled (all jobs will be activated upon arrival).
[19:48:40,127][INFO][main][TcpDiscoverySpi] Successfully bound to TCP port [port=47500, localHost=0.0.0.0/0.0.0.0, locNodeId=486dbba0-39b1-48b1-a9c4-ee312127ea14]
[19:48:40,129][INFO][main][GridLocalConfigManager] Resolved page store work directory: /storage/db/0_0_0_0_0_0_0_1_lo_127_0_0_1_172_22_0_2_47500
[19:48:40,165][INFO][main][IgniteCacheDatabaseSharedManager] Configured data regions initialized successfully [total=4]
[19:48:40,246][WARNING][main][IgniteH2Indexing] Serialization of Java objects in H2 was enabled.
[19:48:40,427][INFO][main][ClientListenerProcessor] Client connector processor has started on TCP port 10800
[19:48:40,566][INFO][main][GridTcpRestProtocol] Command protocol successfully started [name=TCP binary, host=0.0.0.0/0.0.0.0, port=11211]
[19:48:40,631][INFO][main][IgniteKernal] Non-loopback local IPs: 172.22.0.2, fe80:0:0:0:42:acff:fe16:2%eth0
[19:48:40,631][INFO][main][IgniteKernal] Enabled local MACs: 0242AC160002
[19:48:40,636][INFO][main][ClusterProcessor] Cluster ID and tag has been read from metastorage: null
[19:48:40,644][INFO][main][IgniteClusterImpl] Shutdown policy was updated [oldVal=null, newVal=null]
[19:48:40,647][INFO][main][IgniteStatisticsManagerImpl] Statistics usage state was changed from null to null
[19:48:40,668][WARNING][main][TcpDiscoveryMulticastIpFinder] TcpDiscoveryMulticastIpFinder has no pre-configured addresses (it is recommended in production to specify at least one address in TcpDiscoveryMulticastIpFinder.getAddresses() configuration property)
[19:48:41,923][INFO][disco-notifier-worker-#56][GridClusterStateProcessor] Received activate cluster request with BaselineTopology[id=0] initiator node ID: 486dbba0-39b1-48b1-a9c4-ee312127ea14
[19:48:41,925][INFO][disco-notifier-worker-#56][GridClusterStateProcessor] Started state transition: activate cluster
[19:48:41,926][INFO][disco-notifier-worker-#56][GridClusterStateProcessor] Received state change finish message: ACTIVE
[19:48:41,926][INFO][disco-notifier-worker-#56][GridClusterStateProcessor] Cluster state was changed from ACTIVE to ACTIVE
[19:48:41,927][INFO][disco-notifier-worker-#56][MvccProcessorImpl] Assigned mvcc coordinator [crd=MvccCoordinator [topVer=AffinityTopologyVersion [topVer=1, minorTopVer=0], nodeId=486dbba0-39b1-48b1-a9c4-ee312127ea14, ver=1721677721911, local=true, initialized=false]]
[19:48:41,946][INFO][sys-#62][ClusterProcessor] Writing cluster ID and tag to metastorage on ready for write ClusterIdAndTag [id=eddf8b29-47d1-4b41-b8a1-b4697ec92124, tag=happy_ganguly]
[19:48:41,964][INFO][disco-notifier-worker-#56][ClusterProcessor] Cluster tag will be set to new value: happy_ganguly, previous value was: null
[19:48:41,967][INFO][disco-notifier-worker-#56][DistributedBaselineConfiguration] Baseline parameter 'baselineAutoAdjustEnabled' was changed from 'null' to 'true'
[19:48:41,970][INFO][disco-notifier-worker-#56][DistributedBaselineConfiguration] Baseline parameter 'baselineAutoAdjustTimeout' was changed from 'null' to '0'
[19:48:41,971][INFO][disco-notifier-worker-#56][IgniteTxManager] Transactions parameter 'longOperationsDumpTimeout' was changed from 'null' to '60000'
[19:48:41,973][INFO][disco-notifier-worker-#56][IgniteTxManager] Transactions parameter 'longTransactionTimeDumpThreshold' was changed from 'null' to '0'
[19:48:41,975][INFO][disco-notifier-worker-#56][IgniteTxManager] Transactions parameter 'transactionTimeDumpSamplesCoefficient' was changed from 'null' to '0.0'
[19:48:41,976][INFO][disco-notifier-worker-#56][IgniteTxManager] Transactions parameter 'longTransactionTimeDumpSamplesPerSecondLimit' was changed from 'null' to '5'
[19:48:41,978][INFO][disco-notifier-worker-#56][IgniteTxManager] Transactions parameter 'collisionsDumpInterval' was changed from 'null' to '1000'
[19:48:41,980][INFO][disco-notifier-worker-#56][IgniteTxManager] Transactions parameter 'txOwnerDumpRequestsAllowed' was changed from 'null' to 'true'
[19:48:41,981][INFO][disco-notifier-worker-#56][IgniteSnapshotManager] The snapshot transfer rate is not limited.
[19:48:41,984][INFO][disco-notifier-worker-#56][IgniteH2Indexing] SQL parameter 'sql.defaultQueryTimeout' was changed from 'null' to '0'
[19:48:41,985][INFO][disco-notifier-worker-#56][IgniteH2Indexing] SQL parameter 'sql.disabledFunctions' was changed from 'null' to '[FILE_WRITE, CANCEL_SESSION, MEMORY_USED, CSVREAD, LINK_SCHEMA, MEMORY_FREE, FILE_READ, CSVWRITE, SESSION_ID, LOCK_MODE]'
[19:48:42,088][INFO][exchange-worker-#63][time] Started exchange init [topVer=AffinityTopologyVersion [topVer=1, minorTopVer=0], crd=true, evt=NODE_JOINED, evtNode=486dbba0-39b1-48b1-a9c4-ee312127ea14, customEvt=null, allowMerge=false, exchangeFreeSwitch=false]
[19:48:42,097][INFO][exchange-worker-#63][IgniteCacheDatabaseSharedManager] Data Regions Started: 4
[19:48:42,099][INFO][exchange-worker-#63][msg] Components activation performed in 10 ms.
[19:48:42,166][INFO][exchange-worker-#63][GridCacheProcessor] Started cache [name=ignite-sys-cache, id=-2100569601, dataRegionName=sysMemPlc, mode=REPLICATED, atomicity=TRANSACTIONAL, backups=2147483647]
[19:48:42,172][INFO][exchange-worker-#63][GridCacheProcessor] Starting caches on local join performed in 71 ms.
[19:48:42,179][INFO][exchange-worker-#63][GridDhtPartitionsExchangeFuture] Skipped waiting for partitions release future (local node is joining) [topVer=AffinityTopologyVersion [topVer=1, minorTopVer=0]]
[19:48:42,214][INFO][exchange-worker-#63][GridDhtPartitionsExchangeFuture] finishExchangeOnCoordinator [topVer=AffinityTopologyVersion [topVer=1, minorTopVer=0], resVer=AffinityTopologyVersion [topVer=1, minorTopVer=0]]
[19:48:42,226][INFO][exchange-worker-#63][GridDhtPartitionsExchangeFuture] Finish exchange future [startVer=AffinityTopologyVersion [topVer=1, minorTopVer=0], resVer=AffinityTopologyVersion [topVer=1, minorTopVer=0], err=null, rebalanced=true, wasRebalanced=false]
[19:48:42,233][INFO][exchange-worker-#63][GridCacheProcessor] Finish proxy initialization, cacheName=ignite-sys-cache, localNodeId=486dbba0-39b1-48b1-a9c4-ee312127ea14
[19:48:42,234][INFO][exchange-worker-#63][GridDhtPartitionsExchangeFuture] Completed partition exchange [localNode=486dbba0-39b1-48b1-a9c4-ee312127ea14, exchange=GridDhtPartitionsExchangeFuture [topVer=AffinityTopologyVersion [topVer=1, minorTopVer=0], evt=NODE_JOINED, evtNode=TcpDiscoveryNode [id=486dbba0-39b1-48b1-a9c4-ee312127ea14, consistentId=0:0:0:0:0:0:0:1%lo,127.0.0.1,172.22.0.2:47500, addrs=ArrayList [0:0:0:0:0:0:0:1%lo, 127.0.0.1, 172.22.0.2], sockAddrs=HashSet [ignite_host/172.22.0.2:47500, /0:0:0:0:0:0:0:1%lo:47500, /127.0.0.1:47500], discPort=47500, order=1, intOrder=1, lastExchangeTime=1721677720659, loc=true, ver=2.16.0#20231215-sha1:7bde6a42, isClient=false], rebalanced=true, done=true, newCrdFut=null], topVer=AffinityTopologyVersion [topVer=1, minorTopVer=0]]
[19:48:42,235][INFO][exchange-worker-#63][GridDhtPartitionsExchangeFuture] Exchange timings [startVer=AffinityTopologyVersion [topVer=1, minorTopVer=0], resVer=AffinityTopologyVersion [topVer=1, minorTopVer=0], stage="Waiting in exchange queue" (146 ms), stage="Exchange parameters initialization" (1 ms), stage="Components activation" (10 ms), stage="Determine exchange type" (79 ms), stage="Preloading notification" (0 ms), stage="After states restored callback" (34 ms), stage="WAL history reservation" (0 ms), stage="Waiting for all single messages" (0 ms), stage="Affinity recalculation (crd)" (0 ms), stage="Collect update counters and create affinity messages" (0 ms), stage="Assign partitions states" (0 ms), stage="Validate partitions states" (0 ms), stage="Apply update counters" (0 ms), stage="Full message preparing" (9 ms), stage="Full message sending" (0 ms), stage="State finish message sending" (0 ms), stage="Exchange done" (8 ms), stage="Total time" (287 ms)]
[19:48:42,235][INFO][exchange-worker-#63][GridDhtPartitionsExchangeFuture] Exchange longest local stages [startVer=AffinityTopologyVersion [topVer=1, minorTopVer=0], resVer=AffinityTopologyVersion [topVer=1, minorTopVer=0], stage="Coordinator affinity cache init [grp=ignite-sys-cache]" (74 ms) (parent=Determine exchange type), stage="First node affinity initialization (node join) [grp=ignite-sys-cache]" (3 ms) (parent=Determine exchange type)]
[19:48:42,241][INFO][exchange-worker-#63][time] Finished exchange init [topVer=AffinityTopologyVersion [topVer=1, minorTopVer=0], crd=true]
[19:48:42,242][INFO][exchange-worker-#63][GridCachePartitionExchangeManager] Skipping rebalancing (nothing scheduled) [top=AffinityTopologyVersion [topVer=1, minorTopVer=0], force=false, evt=NODE_JOINED, node=486dbba0-39b1-48b1-a9c4-ee312127ea14]
[19:48:42,259][INFO][main][IgniteKernal] Security status [authentication=off, sandbox=off, tls/ssl=off]
[19:48:42,259][INFO][main][IgniteKernal] Performance suggestions for grid  (fix if possible)
[19:48:42,259][INFO][main][IgniteKernal] To disable, set -DIGNITE_PERFORMANCE_SUGGESTIONS_DISABLED=true
[19:48:42,260][INFO][main][IgniteKernal]   ^-- Switch to the most recent 11 JVM version
[19:48:42,260][INFO][main][IgniteKernal]   ^-- Enable G1 Garbage Collector (add '-XX:+UseG1GC' to JVM options)
[19:48:42,260][INFO][main][IgniteKernal]   ^-- Set max direct memory size if getting 'OOME: Direct buffer memory' (add '-XX:MaxDirectMemorySize=<size>[g|G|m|M|k|K]' to JVM options)
[19:48:42,260][INFO][main][IgniteKernal]   ^-- Speed up flushing of dirty pages by OS (alter vm.dirty_writeback_centisecs and vm.dirty_expire_centisecs parameters by setting to 500)
[19:48:42,261][INFO][main][IgniteKernal]   ^-- Reduce pages swapping ratio (set vm.swappiness=10 or less)
[19:48:42,261][INFO][main][IgniteKernal] Refer to this page for more performance suggestions: https://ignite.apache.org/docs/latest/perf-and-troubleshooting/memory-tuning
[19:48:42,261][INFO][main][IgniteKernal] 
[19:48:42,262][INFO][main][IgniteKernal] 

>>> +-----------------------------------------------------------------------+
>>> Ignite ver. 2.16.0#20231215-sha1:7bde6a42b7fda05f8058350d30d67e57ada216d0
>>> +-----------------------------------------------------------------------+
>>> OS name: Linux 5.15.153.1-microsoft-standard-WSL2 amd64
>>> CPU(s): 12
>>> Heap: 1.0GB
>>> VM name: 1@ignite_host
>>> Local node [ID=486DBBA0-39B1-48B1-A9C4-EE312127EA14, order=1, clientMode=false]
>>> Local node addresses: [ignite_host/0:0:0:0:0:0:0:1%lo, /127.0.0.1, /172.22.0.2]
>>> Local ports: TCP:10800 TCP:11211 TCP:47100 UDP:47400 TCP:47500 
>>> +-----------------------------------------------------------------------+

[19:48:42,263][INFO][main][GridDiscoveryManager] Topology snapshot [ver=1, locNode=486dbba0, servers=1, clients=0, state=ACTIVE, CPUs=12, offheap=3.1GB, heap=1.0GB, aliveNodes=[TcpDiscoveryNode [id=486dbba0-39b1-48b1-a9c4-ee312127ea14, consistentId=0:0:0:0:0:0:0:1%lo,127.0.0.1,172.22.0.2:47500, isClient=false, ver=2.16.0#20231215-sha1:7bde6a42]]]
[19:48:42,263][INFO][main][GridDiscoveryManager]   ^-- Baseline [id=0, size=1, online=1, offline=0]
[19:48:42,264][INFO][main][G] Node started : [stage="Configure system pool" (74 ms),stage="Start managers" (523 ms),stage="Configure binary metadata" (51 ms),stage="Start processors" (615 ms),stage="Init metastore" (22 ms),stage="Finish recovery" (0 ms),stage="Join topology" (1280 ms),stage="Await transition" (35 ms),stage="Await exchange" (300 ms),stage="Total time" (2900 ms)]
[19:48:48,420][INFO][shutdown-hook][G] Invoking shutdown hook...
